Added Component: Designator=D?(LQFP-64)
Add component (AddParameter): Name = "Manufacturer 1"; Value = "STMicroelectronics"; VariantName = "[No Variations]"
Add component (AddParameter): Name = "Manufacturer Part Number 1"; Value = "STM32F107RCT6"; VariantName = "[No Variations]"
Added Component: Designator=D?(LQFP-64)
Add component (AddParameter): Name = "Manufacturer 1"; Value = "STMicroelectronics"; VariantName = "[No Variations]"
Add component (AddParameter): Name = "Manufacturer Part Number 1"; Value = "STM32F107RCT6"; VariantName = "[No Variations]"
Added Component: Designator=D?(ESP8266 ESP-12-E)
Add Component: Footprint Not Found SIM800C
Added Pin To Net: NetName=+3.3V Pin=D?-8
Added Pin To Net: NetName=GND Pin=D?-8
Added Pin To Net: NetName=GND Pin=D?-13
Added Pin To Net: NetName=GND Pin=D?-15
Added Pin To Net: NetName=GND Pin=D?-19
Added Pin To Net: NetName=GND Pin=D?-21
Add Pin To Net: Unknown Pin: Pin D?-27
Add Pin To Net: Unknown Pin: Pin D?-30
Add Pin To Net: Unknown Pin: Pin D?-31
Add Pin To Net: Unknown Pin: Pin D?-33
Add Pin To Net: Unknown Pin: Pin D?-36
Add Pin To Net: Unknown Pin: Pin D?-37
Added Member To Class: ClassName=Sheet_ESP8266_SIM800C Member=Component D? SIM800C
Added Member To Class: ClassName=Sheet_ESP8266_SIM800C Member=Component D? ESP-12F
Added Member To Class: ClassName=Sheet_MCU Member=Component D? STM32f107RCT6
Added Member To Class: ClassName=Sheet_MCU Member=Component D? STM32f107RCT6
Added Room: Name=Sheet_MCU
