Removed Pin From Net: NetName=GND Pin=D7-2
Removed Pin From Net: NetName=5V Pin=K4-1
Removed Pin From Net: NetName=GND Pin=R4-2
Removed Pin From Net: NetName=5V Pin=R12-1
Removed Pin From Net: NetName=5V Pin=R16-1
Removed Pin From Net: NetName=5V Pin=VD8-2
Removed Pin From Net: NetName=GND Pin=VT4-2
Removed Pin From Net: NetName=NetK2_3 Pin=XS2-1
Removed Pin From Net: NetName=NetK2_5 Pin=XS2-2
Removed Pin From Net: NetName=NetK3_3 Pin=XS3-1
Removed Pin From Net: NetName=NetK3_5 Pin=XS3-2
Removed Member From Class: ClassName=Sheet_Digital_Input_and_Relay Member=D3
Removed Member From Class: ClassName=Sheet_Digital_Input_and_Relay Member=D7
Removed Member From Class: ClassName=Sheet_Digital_Input_and_Relay Member=K4
Removed Member From Class: ClassName=Sheet_Digital_Input_and_Relay Member=R4
Removed Member From Class: ClassName=Sheet_Digital_Input_and_Relay Member=R8
Removed Member From Class: ClassName=Sheet_Digital_Input_and_Relay Member=R12
Removed Member From Class: ClassName=Sheet_Digital_Input_and_Relay Member=R16
Removed Member From Class: ClassName=Sheet_Digital_Input_and_Relay Member=VD4
Removed Member From Class: ClassName=Sheet_Digital_Input_and_Relay Member=VD8
Removed Member From Class: ClassName=Sheet_Digital_Input_and_Relay Member=VT4
Add Component: Footprint Not Found HK4100F
Add Component: Footprint Not Found HK4100F
Add Component: Footprint Not Found HK4100F
Add Pin To Net: Unknown Pin: Pin K1-1
Add Pin To Net: Unknown Pin: Pin K1-2
Add Pin To Net: Unknown Pin: Pin K1-3
Add Pin To Net: Unknown Pin: Pin K1-5
Add Pin To Net: Unknown Pin: Pin K2-1
Add Pin To Net: Unknown Pin: Pin K2-2
Add Pin To Net: Unknown Pin: Pin K2-3
Add Pin To Net: Unknown Pin: Pin K2-5
Add Pin To Net: Unknown Pin: Pin K3-1
Add Pin To Net: Unknown Pin: Pin K3-2
Add Pin To Net: Unknown Pin: Pin K3-3
Add Pin To Net: Unknown Pin: Pin K3-5
Added Pin To Net: NetName=NetK2_3 Pin=XS2-2
Added Pin To Net: NetName=NetK2_5 Pin=XS2-3
Added Pin To Net: NetName=NetK3_3 Pin=XS3-3
Added Pin To Net: NetName=NetK3_5 Pin=XS4-1
Added Pin To Net: NetName=NetK1_4 Pin=XS1-3
Added Net: Name=NetK1_4
Added Pin To Net: NetName=NetK1_6 Pin=XS2-1
Added Net: Name=NetK1_6
Added Pin To Net: NetName=NetK2_4 Pin=XS3-1
Added Net: Name=NetK2_4
Added Pin To Net: NetName=NetK2_6 Pin=XS3-2
Added Net: Name=NetK2_6
Added Pin To Net: NetName=NetK3_4 Pin=XS4-2
Added Net: Name=NetK3_4
Added Pin To Net: NetName=NetK3_6 Pin=XS4-3
Added Net: Name=NetK3_6
Added Member To Class: ClassName=Sheet_Digital_Input_and_Relay Member=Component D5 PC817
Add Class Member: Failed to add class member : Component K1 HF4100F
Add Class Member: Failed to add class member : Component K2 HF4100F
Add Class Member: Failed to add class member : Component K3 HF4100F
Added Member To Class: ClassName=Sheet_Digital_Input_and_Relay Member=Component R6 Resistor
Added Member To Class: ClassName=Sheet_Digital_Input_and_Relay Member=Component VD2 LED_RED_0805
Added Member To Class: ClassName=Sheet_Digital_Input_and_Relay Member=Component VT2 BC847B SOT23-3
Added Member To Class: ClassName=Sheet_Digital_Input_and_Relay Member=Component XS4 KF301
Added Room: Name=Sheet_MCU
